-------------------------------------------------------------------------------
Test set: com.julianmeneses.proyectoSpringBoot.ProyectoSpringBootApplicationTests
-------------------------------------------------------------------------------
Tests run: 1, Failures: 0, Errors: 1, Skipped: 0, Time elapsed: 124.818 s <<< FAILURE! - in com.julianmeneses.proyectoSpringBoot.ProyectoSpringBootApplicationTests
contextLoads  Time elapsed: 0.008 s  <<< ERROR!
java.lang.IllegalStateException: Failed to load ApplicationContext for [WebMergedContextConfiguration@5f8d4b51 testClass = com.julianmeneses.proyectoSpringBoot.ProyectoSpringBootApplicationTests, locations = [], classes = [com.julianmeneses.proyectoSpringBoot.ProyectoSpringBootApplication], contextInitializerClasses = [], activeProfiles = [], propertySourceLocations = [], propertySourceProperties = ["org.springframework.boot.test.context.SpringBootTestContextBootstrapper=true"], contextCustomizers = [org.springframework.boot.test.context.filter.ExcludeFilterContextCustomizer@576d5deb, org.springframework.boot.test.json.DuplicateJsonObjectContextCustomizerFactory$DuplicateJsonObjectContextCustomizer@a38c7fe, org.springframework.boot.test.mock.mockito.MockitoContextCustomizer@0, org.springframework.boot.test.web.client.TestRestTemplateContextCustomizer@1ffaf86, org.springframework.boot.test.autoconfigure.actuate.observability.ObservabilityContextCustomizerFactory$DisableObservabilityContextCustomizer@9da1, org.springframework.boot.test.autoconfigure.properties.PropertyMappingContextCustomizer@0, org.springframework.boot.test.autoconfigure.web.servlet.WebDriverContextCustomizerFactory$Customizer@7d0b7e3c, org.springframework.boot.test.context.SpringBootTestAnnotation@5e1715e7], resourceBasePath = "src/main/webapp", contextLoader = org.springframework.boot.test.context.SpringBootContextLoader, parent = null]
Caused by: org.springframework.beans.factory.UnsatisfiedDependencyException: Error creating bean with name 'archivosController' defined in file [D:\Facultad y Beca Escalar\Programación\Proyectos\Argentina Programa\Portafolio-BackEnd-AP\Portafolio\target\classes\com\julianmeneses\proyectoSpringBoot\Controller\ArchivosController.class]: Unsatisfied dependency expressed through constructor parameter 0: Error creating bean with name 'storageService' defined in file [D:\Facultad y Beca Escalar\Programación\Proyectos\Argentina Programa\Portafolio-BackEnd-AP\Portafolio\target\classes\com\julianmeneses\proyectoSpringBoot\Service\StorageService.class]: Failed to instantiate [com.julianmeneses.proyectoSpringBoot.Service.StorageService]: Constructor threw exception
Caused by: org.springframework.beans.factory.BeanCreationException: Error creating bean with name 'storageService' defined in file [D:\Facultad y Beca Escalar\Programación\Proyectos\Argentina Programa\Portafolio-BackEnd-AP\Portafolio\target\classes\com\julianmeneses\proyectoSpringBoot\Service\StorageService.class]: Failed to instantiate [com.julianmeneses.proyectoSpringBoot.Service.StorageService]: Constructor threw exception
Caused by: org.springframework.beans.BeanInstantiationException: Failed to instantiate [com.julianmeneses.proyectoSpringBoot.Service.StorageService]: Constructor threw exception
Caused by: java.lang.NullPointerException

